ERROR - 2025-01-22 03:57:03 --> mysqli_sql_exception: Unknown column 'updated_at' in 'field list' in C:\Users\WINDOWS 11\Documents\1-Proyek\achmedhibatillah\system\Database\MySQLi\Connection.php:312
Stack trace:
#0 C:\Users\WINDOWS 11\Documents\1-Proyek\achmedhibatillah\system\Database\MySQLi\Connection.php(312): mysqli->query('INSERT INTO `tr...', 0)
#1 C:\Users\WINDOWS 11\Documents\1-Proyek\achmedhibatillah\system\Database\BaseConnection.php(734): CodeIgniter\Database\MySQLi\Connection->execute('INSERT INTO `tr...')
#2 C:\Users\WINDOWS 11\Documents\1-Proyek\achmedhibatillah\system\Database\BaseConnection.php(648): CodeIgniter\Database\BaseConnection->simpleQuery('INSERT INTO `tr...')
#3 C:\Users\WINDOWS 11\Documents\1-Proyek\achmedhibatillah\system\Database\BaseBuilder.php(2340): CodeIgniter\Database\BaseConnection->query('INSERT INTO `tr...', Array, false)
#4 C:\Users\WINDOWS 11\Documents\1-Proyek\achmedhibatillah\system\Model.php(394): CodeIgniter\Database\BaseBuilder->insert()
#5 C:\Users\WINDOWS 11\Documents\1-Proyek\achmedhibatillah\system\BaseModel.php(840): CodeIgniter\Model->doInsert(Array)
#6 C:\Users\WINDOWS 11\Documents\1-Proyek\achmedhibatillah\system\Model.php(802): CodeIgniter\BaseModel->insert(Array, true)
#7 C:\Users\WINDOWS 11\Documents\1-Proyek\achmedhibatillah\app\Controllers\Home.php(13): CodeIgniter\Model->insert(Array)
#8 C:\Users\WINDOWS 11\Documents\1-Proyek\achmedhibatillah\system\CodeIgniter.php(903): App\Controllers\Home->__construct()
#9 C:\Users\WINDOWS 11\Documents\1-Proyek\achmedhibatillah\system\CodeIgniter.php(500): CodeIgniter\CodeIgniter->createController()
#10 C:\Users\WINDOWS 11\Documents\1-Proyek\achmedhibatillah\system\CodeIgniter.php(355): CodeIgniter\CodeIgniter->handleRequest(NULL, Object(Config\Cache), false)
#11 C:\Users\WINDOWS 11\Documents\1-Proyek\achmedhibatillah\system\Boot.php(325): CodeIgniter\CodeIgniter->run()
#12 C:\Users\WINDOWS 11\Documents\1-Proyek\achmedhibatillah\system\Boot.php(67): CodeIgniter\Boot::runCodeIgniter(Object(CodeIgniter\CodeIgniter))
#13 C:\Users\WINDOWS 11\Documents\1-Proyek\achmedhibatillah\public\index.php(56): CodeIgniter\Boot::bootWeb(Object(Config\Paths))
#14 C:\Users\WINDOWS 11\Documents\1-Proyek\achmedhibatillah\system\rewrite.php(44): require_once('C:\\Users\\WINDOW...')
#15 {main}
CRITICAL - 2025-01-22 03:57:03 --> CodeIgniter\Database\Exceptions\DatabaseException: Unknown column 'updated_at' in 'field list'
[Method: GET, Route: /]
in SYSTEMPATH\Database\BaseConnection.php on line 688.
 1 SYSTEMPATH\Database\BaseBuilder.php(2340): CodeIgniter\Database\BaseConnection->query('INSERT INTO `traffic` (`traffic_hal`, `created_at`, `updated_at`) VALUES (:traffic_hal:, :created_at:, :updated_at:)', [...], false)
 2 SYSTEMPATH\Model.php(394): CodeIgniter\Database\BaseBuilder->insert()
 3 SYSTEMPATH\BaseModel.php(840): CodeIgniter\Model->doInsert([...])
 4 SYSTEMPATH\Model.php(802): CodeIgniter\BaseModel->insert([...], true)
 5 APPPATH\Controllers\Home.php(13): CodeIgniter\Model->insert([...])
 6 SYSTEMPATH\CodeIgniter.php(903): App\Controllers\Home->__construct()
 7 SYSTEMPATH\CodeIgniter.php(500): CodeIgniter\CodeIgniter->createController()
 8 SYSTEMPATH\CodeIgniter.php(355): CodeIgniter\CodeIgniter->handleRequest(null, Object(Config\Cache), false)
 9 SYSTEMPATH\Boot.php(325): CodeIgniter\CodeIgniter->run()
10 SYSTEMPATH\Boot.php(67): CodeIgniter\Boot::runCodeIgniter(Object(CodeIgniter\CodeIgniter))
11 FCPATH\index.php(56): CodeIgniter\Boot::bootWeb(Object(Config\Paths))
12 SYSTEMPATH\rewrite.php(44): require_once('C:\\Users\\WINDOWS 11\\Documents\\1-Proyek\\achmedhibatillah\\public\\index.php')
CRITICAL - 2025-01-22 03:57:03 --> [Caused by] CodeIgniter\Database\Exceptions\DatabaseException: Unknown column 'updated_at' in 'field list'
in SYSTEMPATH\Database\MySQLi\Connection.php on line 317.
 1 SYSTEMPATH\Database\BaseConnection.php(734): CodeIgniter\Database\MySQLi\Connection->execute('INSERT INTO `traffic` (`traffic_hal`, `created_at`, `updated_at`) VALUES (22, \'2025-01-22 03:57:02\', \'2025-01-22 03:57:02\')')
 2 SYSTEMPATH\Database\BaseConnection.php(648): CodeIgniter\Database\BaseConnection->simpleQuery('INSERT INTO `traffic` (`traffic_hal`, `created_at`, `updated_at`) VALUES (22, \'2025-01-22 03:57:02\', \'2025-01-22 03:57:02\')')
 3 SYSTEMPATH\Database\BaseBuilder.php(2340): CodeIgniter\Database\BaseConnection->query('INSERT INTO `traffic` (`traffic_hal`, `created_at`, `updated_at`) VALUES (:traffic_hal:, :created_at:, :updated_at:)', [...], false)
 4 SYSTEMPATH\Model.php(394): CodeIgniter\Database\BaseBuilder->insert()
 5 SYSTEMPATH\BaseModel.php(840): CodeIgniter\Model->doInsert([...])
 6 SYSTEMPATH\Model.php(802): CodeIgniter\BaseModel->insert([...], true)
 7 APPPATH\Controllers\Home.php(13): CodeIgniter\Model->insert([...])
 8 SYSTEMPATH\CodeIgniter.php(903): App\Controllers\Home->__construct()
 9 SYSTEMPATH\CodeIgniter.php(500): CodeIgniter\CodeIgniter->createController()
10 SYSTEMPATH\CodeIgniter.php(355): CodeIgniter\CodeIgniter->handleRequest(null, Object(Config\Cache), false)
11 SYSTEMPATH\Boot.php(325): CodeIgniter\CodeIgniter->run()
12 SYSTEMPATH\Boot.php(67): CodeIgniter\Boot::runCodeIgniter(Object(CodeIgniter\CodeIgniter))
13 FCPATH\index.php(56): CodeIgniter\Boot::bootWeb(Object(Config\Paths))
14 SYSTEMPATH\rewrite.php(44): require_once('C:\\Users\\WINDOWS 11\\Documents\\1-Proyek\\achmedhibatillah\\public\\index.php')
CRITICAL - 2025-01-22 03:57:03 --> [Caused by] mysqli_sql_exception: Unknown column 'updated_at' in 'field list'
in SYSTEMPATH\Database\MySQLi\Connection.php on line 312.
 1 SYSTEMPATH\Database\MySQLi\Connection.php(312): mysqli->query('INSERT INTO `traffic` (`traffic_hal`, `created_at`, `updated_at`) VALUES (22, \'2025-01-22 03:57:02\', \'2025-01-22 03:57:02\')', 0)
 2 SYSTEMPATH\Database\BaseConnection.php(734): CodeIgniter\Database\MySQLi\Connection->execute('INSERT INTO `traffic` (`traffic_hal`, `created_at`, `updated_at`) VALUES (22, \'2025-01-22 03:57:02\', \'2025-01-22 03:57:02\')')
 3 SYSTEMPATH\Database\BaseConnection.php(648): CodeIgniter\Database\BaseConnection->simpleQuery('INSERT INTO `traffic` (`traffic_hal`, `created_at`, `updated_at`) VALUES (22, \'2025-01-22 03:57:02\', \'2025-01-22 03:57:02\')')
 4 SYSTEMPATH\Database\BaseBuilder.php(2340): CodeIgniter\Database\BaseConnection->query('INSERT INTO `traffic` (`traffic_hal`, `created_at`, `updated_at`) VALUES (:traffic_hal:, :created_at:, :updated_at:)', [...], false)
 5 SYSTEMPATH\Model.php(394): CodeIgniter\Database\BaseBuilder->insert()
 6 SYSTEMPATH\BaseModel.php(840): CodeIgniter\Model->doInsert([...])
 7 SYSTEMPATH\Model.php(802): CodeIgniter\BaseModel->insert([...], true)
 8 APPPATH\Controllers\Home.php(13): CodeIgniter\Model->insert([...])
 9 SYSTEMPATH\CodeIgniter.php(903): App\Controllers\Home->__construct()
10 SYSTEMPATH\CodeIgniter.php(500): CodeIgniter\CodeIgniter->createController()
11 SYSTEMPATH\CodeIgniter.php(355): CodeIgniter\CodeIgniter->handleRequest(null, Object(Config\Cache), false)
12 SYSTEMPATH\Boot.php(325): CodeIgniter\CodeIgniter->run()
13 SYSTEMPATH\Boot.php(67): CodeIgniter\Boot::runCodeIgniter(Object(CodeIgniter\CodeIgniter))
14 FCPATH\index.php(56): CodeIgniter\Boot::bootWeb(Object(Config\Paths))
15 SYSTEMPATH\rewrite.php(44): require_once('C:\\Users\\WINDOWS 11\\Documents\\1-Proyek\\achmedhibatillah\\public\\index.php')
ERROR - 2025-01-22 03:58:34 --> mysqli_sql_exception: You have an error in your SQL syntax; check the manual that corresponds to your MySQL server version for the right syntax to use near ') VALUES (22, '2025-01-22 03:58:34', '2025-01-22 03:58:34')' at line 1 in C:\Users\WINDOWS 11\Documents\1-Proyek\achmedhibatillah\system\Database\MySQLi\Connection.php:312
Stack trace:
#0 C:\Users\WINDOWS 11\Documents\1-Proyek\achmedhibatillah\system\Database\MySQLi\Connection.php(312): mysqli->query('INSERT INTO `tr...', 0)
#1 C:\Users\WINDOWS 11\Documents\1-Proyek\achmedhibatillah\system\Database\BaseConnection.php(734): CodeIgniter\Database\MySQLi\Connection->execute('INSERT INTO `tr...')
#2 C:\Users\WINDOWS 11\Documents\1-Proyek\achmedhibatillah\system\Database\BaseConnection.php(648): CodeIgniter\Database\BaseConnection->simpleQuery('INSERT INTO `tr...')
#3 C:\Users\WINDOWS 11\Documents\1-Proyek\achmedhibatillah\system\Database\BaseBuilder.php(2340): CodeIgniter\Database\BaseConnection->query('INSERT INTO `tr...', Array, false)
#4 C:\Users\WINDOWS 11\Documents\1-Proyek\achmedhibatillah\system\Model.php(394): CodeIgniter\Database\BaseBuilder->insert()
#5 C:\Users\WINDOWS 11\Documents\1-Proyek\achmedhibatillah\system\BaseModel.php(840): CodeIgniter\Model->doInsert(Array)
#6 C:\Users\WINDOWS 11\Documents\1-Proyek\achmedhibatillah\system\Model.php(802): CodeIgniter\BaseModel->insert(Array, true)
#7 C:\Users\WINDOWS 11\Documents\1-Proyek\achmedhibatillah\app\Controllers\Home.php(13): CodeIgniter\Model->insert(Array)
#8 C:\Users\WINDOWS 11\Documents\1-Proyek\achmedhibatillah\system\CodeIgniter.php(903): App\Controllers\Home->__construct()
#9 C:\Users\WINDOWS 11\Documents\1-Proyek\achmedhibatillah\system\CodeIgniter.php(500): CodeIgniter\CodeIgniter->createController()
#10 C:\Users\WINDOWS 11\Documents\1-Proyek\achmedhibatillah\system\CodeIgniter.php(355): CodeIgniter\CodeIgniter->handleRequest(NULL, Object(Config\Cache), false)
#11 C:\Users\WINDOWS 11\Documents\1-Proyek\achmedhibatillah\system\Boot.php(325): CodeIgniter\CodeIgniter->run()
#12 C:\Users\WINDOWS 11\Documents\1-Proyek\achmedhibatillah\system\Boot.php(67): CodeIgniter\Boot::runCodeIgniter(Object(CodeIgniter\CodeIgniter))
#13 C:\Users\WINDOWS 11\Documents\1-Proyek\achmedhibatillah\public\index.php(56): CodeIgniter\Boot::bootWeb(Object(Config\Paths))
#14 C:\Users\WINDOWS 11\Documents\1-Proyek\achmedhibatillah\system\rewrite.php(44): require_once('C:\\Users\\WINDOW...')
#15 {main}
CRITICAL - 2025-01-22 03:58:34 --> CodeIgniter\Database\Exceptions\DatabaseException: You have an error in your SQL syntax; check the manual that corresponds to your MySQL server version for the right syntax to use near ') VALUES (22, '2025-01-22 03:58:34', '2025-01-22 03:58:34')' at line 1
[Method: GET, Route: /]
in SYSTEMPATH\Database\BaseConnection.php on line 688.
 1 SYSTEMPATH\Database\BaseBuilder.php(2340): CodeIgniter\Database\BaseConnection->query('INSERT INTO `traffic` (`traffic_hal`, `created_at`, ) VALUES (:traffic_hal:, :created_at:, ::)', [...], false)
 2 SYSTEMPATH\Model.php(394): CodeIgniter\Database\BaseBuilder->insert()
 3 SYSTEMPATH\BaseModel.php(840): CodeIgniter\Model->doInsert([...])
 4 SYSTEMPATH\Model.php(802): CodeIgniter\BaseModel->insert([...], true)
 5 APPPATH\Controllers\Home.php(13): CodeIgniter\Model->insert([...])
 6 SYSTEMPATH\CodeIgniter.php(903): App\Controllers\Home->__construct()
 7 SYSTEMPATH\CodeIgniter.php(500): CodeIgniter\CodeIgniter->createController()
 8 SYSTEMPATH\CodeIgniter.php(355): CodeIgniter\CodeIgniter->handleRequest(null, Object(Config\Cache), false)
 9 SYSTEMPATH\Boot.php(325): CodeIgniter\CodeIgniter->run()
10 SYSTEMPATH\Boot.php(67): CodeIgniter\Boot::runCodeIgniter(Object(CodeIgniter\CodeIgniter))
11 FCPATH\index.php(56): CodeIgniter\Boot::bootWeb(Object(Config\Paths))
12 SYSTEMPATH\rewrite.php(44): require_once('C:\\Users\\WINDOWS 11\\Documents\\1-Proyek\\achmedhibatillah\\public\\index.php')
CRITICAL - 2025-01-22 03:58:34 --> [Caused by] CodeIgniter\Database\Exceptions\DatabaseException: You have an error in your SQL syntax; check the manual that corresponds to your MySQL server version for the right syntax to use near ') VALUES (22, '2025-01-22 03:58:34', '2025-01-22 03:58:34')' at line 1
in SYSTEMPATH\Database\MySQLi\Connection.php on line 317.
 1 SYSTEMPATH\Database\BaseConnection.php(734): CodeIgniter\Database\MySQLi\Connection->execute('INSERT INTO `traffic` (`traffic_hal`, `created_at`, ) VALUES (22, \'2025-01-22 03:58:34\', \'2025-01-22 03:58:34\')')
 2 SYSTEMPATH\Database\BaseConnection.php(648): CodeIgniter\Database\BaseConnection->simpleQuery('INSERT INTO `traffic` (`traffic_hal`, `created_at`, ) VALUES (22, \'2025-01-22 03:58:34\', \'2025-01-22 03:58:34\')')
 3 SYSTEMPATH\Database\BaseBuilder.php(2340): CodeIgniter\Database\BaseConnection->query('INSERT INTO `traffic` (`traffic_hal`, `created_at`, ) VALUES (:traffic_hal:, :created_at:, ::)', [...], false)
 4 SYSTEMPATH\Model.php(394): CodeIgniter\Database\BaseBuilder->insert()
 5 SYSTEMPATH\BaseModel.php(840): CodeIgniter\Model->doInsert([...])
 6 SYSTEMPATH\Model.php(802): CodeIgniter\BaseModel->insert([...], true)
 7 APPPATH\Controllers\Home.php(13): CodeIgniter\Model->insert([...])
 8 SYSTEMPATH\CodeIgniter.php(903): App\Controllers\Home->__construct()
 9 SYSTEMPATH\CodeIgniter.php(500): CodeIgniter\CodeIgniter->createController()
10 SYSTEMPATH\CodeIgniter.php(355): CodeIgniter\CodeIgniter->handleRequest(null, Object(Config\Cache), false)
11 SYSTEMPATH\Boot.php(325): CodeIgniter\CodeIgniter->run()
12 SYSTEMPATH\Boot.php(67): CodeIgniter\Boot::runCodeIgniter(Object(CodeIgniter\CodeIgniter))
13 FCPATH\index.php(56): CodeIgniter\Boot::bootWeb(Object(Config\Paths))
14 SYSTEMPATH\rewrite.php(44): require_once('C:\\Users\\WINDOWS 11\\Documents\\1-Proyek\\achmedhibatillah\\public\\index.php')
CRITICAL - 2025-01-22 03:58:34 --> [Caused by] mysqli_sql_exception: You have an error in your SQL syntax; check the manual that corresponds to your MySQL server version for the right syntax to use near ') VALUES (22, '2025-01-22 03:58:34', '2025-01-22 03:58:34')' at line 1
in SYSTEMPATH\Database\MySQLi\Connection.php on line 312.
 1 SYSTEMPATH\Database\MySQLi\Connection.php(312): mysqli->query('INSERT INTO `traffic` (`traffic_hal`, `created_at`, ) VALUES (22, \'2025-01-22 03:58:34\', \'2025-01-22 03:58:34\')', 0)
 2 SYSTEMPATH\Database\BaseConnection.php(734): CodeIgniter\Database\MySQLi\Connection->execute('INSERT INTO `traffic` (`traffic_hal`, `created_at`, ) VALUES (22, \'2025-01-22 03:58:34\', \'2025-01-22 03:58:34\')')
 3 SYSTEMPATH\Database\BaseConnection.php(648): CodeIgniter\Database\BaseConnection->simpleQuery('INSERT INTO `traffic` (`traffic_hal`, `created_at`, ) VALUES (22, \'2025-01-22 03:58:34\', \'2025-01-22 03:58:34\')')
 4 SYSTEMPATH\Database\BaseBuilder.php(2340): CodeIgniter\Database\BaseConnection->query('INSERT INTO `traffic` (`traffic_hal`, `created_at`, ) VALUES (:traffic_hal:, :created_at:, ::)', [...], false)
 5 SYSTEMPATH\Model.php(394): CodeIgniter\Database\BaseBuilder->insert()
 6 SYSTEMPATH\BaseModel.php(840): CodeIgniter\Model->doInsert([...])
 7 SYSTEMPATH\Model.php(802): CodeIgniter\BaseModel->insert([...], true)
 8 APPPATH\Controllers\Home.php(13): CodeIgniter\Model->insert([...])
 9 SYSTEMPATH\CodeIgniter.php(903): App\Controllers\Home->__construct()
10 SYSTEMPATH\CodeIgniter.php(500): CodeIgniter\CodeIgniter->createController()
11 SYSTEMPATH\CodeIgniter.php(355): CodeIgniter\CodeIgniter->handleRequest(null, Object(Config\Cache), false)
12 SYSTEMPATH\Boot.php(325): CodeIgniter\CodeIgniter->run()
13 SYSTEMPATH\Boot.php(67): CodeIgniter\Boot::runCodeIgniter(Object(CodeIgniter\CodeIgniter))
14 FCPATH\index.php(56): CodeIgniter\Boot::bootWeb(Object(Config\Paths))
15 SYSTEMPATH\rewrite.php(44): require_once('C:\\Users\\WINDOWS 11\\Documents\\1-Proyek\\achmedhibatillah\\public\\index.php')
CRITICAL - 2025-01-22 03:59:37 --> CodeIgniter\View\Exceptions\ViewException: Invalid file: "templates/footer/home.php"
[Method: GET, Route: /]
in SYSTEMPATH\Exceptions\FrameworkException.php on line 41.
 1 SYSTEMPATH\View\View.php(222): CodeIgniter\Exceptions\FrameworkException::forInvalidFile('templates/footer/home.php')
 2 SYSTEMPATH\Common.php(1171): CodeIgniter\View\View->render('templates/footer/home', [], true)
 3 APPPATH\Controllers\Home.php(29): view('templates/footer/home')
 4 SYSTEMPATH\CodeIgniter.php(933): App\Controllers\Home->index()
 5 SYSTEMPATH\CodeIgniter.php(509): CodeIgniter\CodeIgniter->runController(Object(App\Controllers\Home))
 6 SYSTEMPATH\CodeIgniter.php(355): CodeIgniter\CodeIgniter->handleRequest(null, Object(Config\Cache), false)
 7 SYSTEMPATH\Boot.php(325): CodeIgniter\CodeIgniter->run()
 8 SYSTEMPATH\Boot.php(67): CodeIgniter\Boot::runCodeIgniter(Object(CodeIgniter\CodeIgniter))
 9 FCPATH\index.php(56): CodeIgniter\Boot::bootWeb(Object(Config\Paths))
10 SYSTEMPATH\rewrite.php(44): require_once('C:\\Users\\WINDOWS 11\\Documents\\1-Proyek\\achmedhibatillah\\public\\index.php')
CRITICAL - 2025-01-22 03:59:38 --> CodeIgniter\View\Exceptions\ViewException: Invalid file: "templates/footer/home.php"
[Method: GET, Route: /]
in SYSTEMPATH\Exceptions\FrameworkException.php on line 41.
 1 SYSTEMPATH\View\View.php(222): CodeIgniter\Exceptions\FrameworkException::forInvalidFile('templates/footer/home.php')
 2 SYSTEMPATH\Common.php(1171): CodeIgniter\View\View->render('templates/footer/home', [], true)
 3 APPPATH\Controllers\Home.php(29): view('templates/footer/home')
 4 SYSTEMPATH\CodeIgniter.php(933): App\Controllers\Home->index()
 5 SYSTEMPATH\CodeIgniter.php(509): CodeIgniter\CodeIgniter->runController(Object(App\Controllers\Home))
 6 SYSTEMPATH\CodeIgniter.php(355): CodeIgniter\CodeIgniter->handleRequest(null, Object(Config\Cache), false)
 7 SYSTEMPATH\Boot.php(325): CodeIgniter\CodeIgniter->run()
 8 SYSTEMPATH\Boot.php(67): CodeIgniter\Boot::runCodeIgniter(Object(CodeIgniter\CodeIgniter))
 9 FCPATH\index.php(56): CodeIgniter\Boot::bootWeb(Object(Config\Paths))
10 SYSTEMPATH\rewrite.php(44): require_once('C:\\Users\\WINDOWS 11\\Documents\\1-Proyek\\achmedhibatillah\\public\\index.php')
INFO - 2025-01-22 04:15:34 --> Session: Class initialized using 'CodeIgniter\Session\Handlers\FileHandler' driver.
INFO - 2025-01-22 04:16:11 --> Session: Class initialized using 'CodeIgniter\Session\Handlers\FileHandler' driver.
INFO - 2025-01-22 04:16:21 --> Session: Class initialized using 'CodeIgniter\Session\Handlers\FileHandler' driver.
INFO - 2025-01-22 04:17:23 --> Session: Class initialized using 'CodeIgniter\Session\Handlers\FileHandler' driver.
INFO - 2025-01-22 04:19:08 --> Session: Class initialized using 'CodeIgniter\Session\Handlers\FileHandler' driver.
CRITICAL - 2025-01-22 09:50:45 --> CodeIgniter\View\Exceptions\ViewException: Invalid file: "lp-style.php"
[Method: GET, Route: /]
in SYSTEMPATH\Exceptions\FrameworkException.php on line 41.
 1 SYSTEMPATH\View\View.php(222): CodeIgniter\Exceptions\FrameworkException::forInvalidFile('lp-style.php')
 2 SYSTEMPATH\View\View.php(487): CodeIgniter\View\View->render('lp-style', null, true)
 3 APPPATH\Views\templates\header.php(49): CodeIgniter\View\View->include('lp-style')
 4 SYSTEMPATH\View\View.php(234): include('C:\\Users\\WINDOWS 11\\Documents\\1-Proyek\\achmedhibatillah\\app\\Views\\templates\\header.php')
 5 SYSTEMPATH\View\View.php(237): CodeIgniter\View\View->CodeIgniter\View\{closure}()
 6 SYSTEMPATH\Common.php(1171): CodeIgniter\View\View->render('templates/header', [], true)
 7 APPPATH\Controllers\Home.php(25): view('templates/header', [...])
 8 SYSTEMPATH\CodeIgniter.php(933): App\Controllers\Home->index()
 9 SYSTEMPATH\CodeIgniter.php(509): CodeIgniter\CodeIgniter->runController(Object(App\Controllers\Home))
10 SYSTEMPATH\CodeIgniter.php(355): CodeIgniter\CodeIgniter->handleRequest(null, Object(Config\Cache), false)
11 SYSTEMPATH\Boot.php(325): CodeIgniter\CodeIgniter->run()
12 SYSTEMPATH\Boot.php(67): CodeIgniter\Boot::runCodeIgniter(Object(CodeIgniter\CodeIgniter))
13 FCPATH\index.php(56): CodeIgniter\Boot::bootWeb(Object(Config\Paths))
14 SYSTEMPATH\rewrite.php(44): require_once('C:\\Users\\WINDOWS 11\\Documents\\1-Proyek\\achmedhibatillah\\public\\index.php')
CRITICAL - 2025-01-22 09:51:10 --> CodeIgniter\View\Exceptions\ViewException: Invalid file: "style-lp.php"
[Method: GET, Route: /]
in SYSTEMPATH\Exceptions\FrameworkException.php on line 41.
 1 SYSTEMPATH\View\View.php(222): CodeIgniter\Exceptions\FrameworkException::forInvalidFile('style-lp.php')
 2 SYSTEMPATH\View\View.php(487): CodeIgniter\View\View->render('style-lp', null, true)
 3 APPPATH\Views\templates\header.php(49): CodeIgniter\View\View->include('style-lp')
 4 SYSTEMPATH\View\View.php(234): include('C:\\Users\\WINDOWS 11\\Documents\\1-Proyek\\achmedhibatillah\\app\\Views\\templates\\header.php')
 5 SYSTEMPATH\View\View.php(237): CodeIgniter\View\View->CodeIgniter\View\{closure}()
 6 SYSTEMPATH\Common.php(1171): CodeIgniter\View\View->render('templates/header', [], true)
 7 APPPATH\Controllers\Home.php(25): view('templates/header', [...])
 8 SYSTEMPATH\CodeIgniter.php(933): App\Controllers\Home->index()
 9 SYSTEMPATH\CodeIgniter.php(509): CodeIgniter\CodeIgniter->runController(Object(App\Controllers\Home))
10 SYSTEMPATH\CodeIgniter.php(355): CodeIgniter\CodeIgniter->handleRequest(null, Object(Config\Cache), false)
11 SYSTEMPATH\Boot.php(325): CodeIgniter\CodeIgniter->run()
12 SYSTEMPATH\Boot.php(67): CodeIgniter\Boot::runCodeIgniter(Object(CodeIgniter\CodeIgniter))
13 FCPATH\index.php(56): CodeIgniter\Boot::bootWeb(Object(Config\Paths))
14 SYSTEMPATH\rewrite.php(44): require_once('C:\\Users\\WINDOWS 11\\Documents\\1-Proyek\\achmedhibatillah\\public\\index.php')
CRITICAL - 2025-01-22 16:31:10 --> CodeIgniter\View\Exceptions\ViewException: Invalid file: "home/index-skills.php"
[Method: GET, Route: /]
in SYSTEMPATH\Exceptions\FrameworkException.php on line 41.
 1 SYSTEMPATH\View\View.php(222): CodeIgniter\Exceptions\FrameworkException::forInvalidFile('home/index-skills.php')
 2 SYSTEMPATH\View\View.php(487): CodeIgniter\View\View->render('home/index-skills', null, true)
 3 APPPATH\Views\home\index.php(36): CodeIgniter\View\View->include('home/index-skills')
 4 SYSTEMPATH\View\View.php(234): include('C:\\Users\\WINDOWS 11\\Documents\\1-Proyek\\achmedhibatillah\\app\\Views\\home\\index.php')
 5 SYSTEMPATH\View\View.php(237): CodeIgniter\View\View->CodeIgniter\View\{closure}()
 6 SYSTEMPATH\Common.php(1171): CodeIgniter\View\View->render('home/index', [], true)
 7 APPPATH\Controllers\Home.php(27): view('home/index')
 8 SYSTEMPATH\CodeIgniter.php(933): App\Controllers\Home->index()
 9 SYSTEMPATH\CodeIgniter.php(509): CodeIgniter\CodeIgniter->runController(Object(App\Controllers\Home))
10 SYSTEMPATH\CodeIgniter.php(355): CodeIgniter\CodeIgniter->handleRequest(null, Object(Config\Cache), false)
11 SYSTEMPATH\Boot.php(325): CodeIgniter\CodeIgniter->run()
12 SYSTEMPATH\Boot.php(67): CodeIgniter\Boot::runCodeIgniter(Object(CodeIgniter\CodeIgniter))
13 FCPATH\index.php(56): CodeIgniter\Boot::bootWeb(Object(Config\Paths))
14 SYSTEMPATH\rewrite.php(44): require_once('C:\\Users\\WINDOWS 11\\Documents\\1-Proyek\\achmedhibatillah\\public\\index.php')
